Arguments: 
  C:\Program Files\nodejs\node.exe C:\Program Files (x86)\Yarn\bin\yarn.js

PATH: 
  C:\Program Files (x86)\Microsoft\Edge Beta\Application;C:\Program Files (x86)\Common Files\Oracle\Java\javapath;C:\WINDOWS\system32;C:\WINDOWS;C:\WINDOWS\System32\Wbem;C:\WINDOWS\System32\WindowsPowerShell\v1.0\;C:\WINDOWS\System32\OpenSSH\;C:\Program Files\dotnet\;C:\Program Files\Microsoft SQL Server\130\Tools\Binn\;C:\Program Files\Microsoft SQL Server\Client SDK\ODBC\170\Tools\Binn\;C:\Program Files\Microsoft SQL Server\Client SDK\ODBC\130\Tools\Binn\;C:\Program Files (x86)\Microsoft SQL Server\140\Tools\Binn\;C:\Program Files\Microsoft SQL Server\140\Tools\Binn\;C:\Program Files\Microsoft SQL Server\140\DTS\Binn\;C:\Program Files\Java\jdk-12.0.1\bin;C:\Program Files (x86)\Microsoft SQL Server\Client SDK\ODBC\130\Tools\Binn\;C:\Program Files (x86)\Microsoft SQL Server\130\Tools\Binn\;C:\Program Files (x86)\Microsoft SQL Server\130\DTS\Binn\;C:\Program Files (x86)\Microsoft SQL Server\130\Tools\Binn\ManagementStudio\;C:\Program Files\Microsoft\Web Platform Installer\;C:\Program Files (x86)\Yarn\bin\;C:\Program Files\Redis\;C:\Program Files (x86)\dotnet\;C:\Program Files (x86)\Microsoft SQL Server\150\DTS\Binn\;C:\Program Files\Azure Data Studio\bin;G:\D Programs\Git\cmd;C:\Users\ehsaa\AppData\Roaming\nvm;C:\Program Files\nodejs;C:\Users\ehsaa\AppData\Local\Microsoft\WindowsApps;C:\Users\ehsaa\AppData\Local\GitHubDesktop\bin;C:\Users\ehsaa\AppData\Local\Programs\Microsoft VS Code\bin;C:\Users\ehsaa\AppData\Roaming\nvm;C:\Program Files\nodejs

Yarn version: 
  1.22.4

Node version: 
  16.10.0

Platform: 
  win32 x64

Trace: 
  Error: https://registry.yarnpkg.com/@material-ui/icons/-/icons-4.11.3.tgz: ESOCKETTIMEDOUT
      at ClientRequest.<anonymous> (C:\Program Files (x86)\Yarn\lib\cli.js:141375:19)
      at Object.onceWrapper (node:events:509:28)
      at ClientRequest.emit (node:events:390:28)
      at TLSSocket.emitRequestTimeout (node:_http_client:761:9)
      at Object.onceWrapper (node:events:509:28)
      at TLSSocket.emit (node:events:402:35)
      at TLSSocket.Socket._onTimeout (node:net:486:8)
      at listOnTimeout (node:internal/timers:557:17)
      at processTimers (node:internal/timers:500:7)

npm manifest: 
  {
    "name": "vibe-react",
    "version": "1.0.2",
    "description": "Vibe Dashboard React Theme",
    "author": "Nice Dash",
    "homepage": "http://nicedash.com",
    "copyright": "Copyright 2019 Nice Dash",
    "private": true,
    "dependencies": {
      "@binance-chain/bsc-connector": "^1.0.0",
      "@emotion/react": "^11.4.1",
      "@emotion/styled": "^11.3.0",
      "@ethersproject/bytes": "5.4.0",
      "@ethersproject/providers": "^5.4.1",
      "@material-ui/core": "^4.12.3",
      "@material-ui/icons": "^4.11.2",
      "@material-ui/lab": "^4.0.0-alpha.60",
      "@mui/icons-material": "5.0.0",
      "@mui/material": "^5.0.0",
      "@sendgrid/mail": "^8.1.3",
      "@web3-react/core": "^6.1.9",
      "@web3-react/injected-connector": "^6.0.7",
      "@web3-react/walletconnect-connector": "^6.2.7",
      "axios": "0.24.0",
      "bcryptjs": "^2.4.3",
      "bitcoin-core": "^4.2.0",
      "chartist": "0.10.1",
      "classnames": "2.3.1",
      "cloudinary": "^2.4.0",
      "coin-address-validator": "1.0.4-1",
      "cookie-parser": "^1.4.6",
      "crypto": "^1.0.1",
      "ethers": "^5.4.6",
      "express": "^4.19.2",
      "express-fileupload": "^1.5.0",
      "fs": "0.0.1-security",
      "history": "5.0.0",
      "js-sha3": "0.8.0",
      "jsonwebtoken": "^9.0.2",
      "lint": "^1.1.2",
      "mongoose": "^8.5.2",
      "paytmchecksum": "^1.5.1",
      "perfect-scrollbar": "1.5.1",
      "prop-types": "15.7.2",
      "react": "17.0.2",
      "react-chartist": "0.14.4",
      "react-dom": "17.0.2",
      "react-router-dom": "5.2.0",
      "react-scripts": "4.0.3",
      "react-swipeable-views": "0.14.0",
      "reactstrap": "9.2.2",
      "room-populate": "^1.0.17",
      "validator": "^13.12.0",
      "web3": "^1.3.3"
    },
    "scripts": {
      "client": "react-scripts --openssl-legacy-provider start",
      "server": "node ./auth/server.js",
      "start": "npm run server | npm run client",
      "build": "react-scripts build",
      "test": "react-scripts test",
      "eject": "react-scripts eject"
    },
    "eslintConfig": {
      "extends": "react-app"
    },
    "browserslist": [
      ">0.2%",
      "not dead",
      "not ie <= 11",
      "not op_mini all"
    ]
  }

yarn manifest: 
  No manifest

Lockfile: 
  No lockfile
